<?xml version="1.0" encoding="UTF-8"?>
<!-- Generated by org.testng.reporters.JUnitReportReporter -->
<testsuite skipped="0" hostname="Netras-MacBook-Pro.local" name="youtubeMukesh.DropDownDemo" tests="1" failures="0" timestamp="07 Jun 2018 02:50:56 GMT" time="8.795" errors="0">
  <testcase name="selectDDValues" time="8.795" classname="youtubeMukesh.DropDownDemo"/>
</testsuite> <!-- youtubeMukesh.DropDownDemo -->
